2026-02-13 01:21:11.233   Log opened. (Time zone: UTC+03:30)
2026-02-13 01:21:11.233   Setup version: Inno Setup version 6.6.1
2026-02-13 01:21:11.234   Original Setup EXE: D:\GitHub\YTDownloader\installers\output\StreamCatch_Setup_v2.0.0.exe
2026-02-13 01:21:11.234   Setup command line: /SL5="$26055A,59314112,882176,D:\GitHub\YTDownloader\installers\output\StreamCatch_Setup_v2.0.0.exe" /SP- /VERYSILENT /SUPPRESSMSGBOXES /NORESTART /LOG=D:\GitHub\YTDownloader\build_logs\install_streamcatch_latest.log 
2026-02-13 01:21:11.234   Windows version: 10.0.26200
2026-02-13 01:21:11.234   Windows architecture: x64 (64-bit)
2026-02-13 01:21:11.234   Machine types supported by system: x86 x64
2026-02-13 01:21:11.234   User privileges: None
2026-02-13 01:21:11.236   Administrative install mode: No
2026-02-13 01:21:11.236   Install mode root key: HKEY_CURRENT_USER
2026-02-13 01:21:11.236   64-bit install mode: No
2026-02-13 01:21:11.238   Created temporary directory: C:\Users\Acer\AppData\Local\Temp\is-K32K7C4IZ3.tmp
2026-02-13 01:21:11.343   Found 1 files to register with RestartManager.
2026-02-13 01:21:11.343   Calling RestartManager's RmGetList.
2026-02-13 01:21:11.354   RmGetList finished successfully.
2026-02-13 01:21:11.354   RestartManager found no applications using one of our files.
2026-02-13 01:21:11.357   Starting the installation process.
2026-02-13 01:21:11.359   Directory for uninstall files: C:\Users\Acer\AppData\Local\Programs\StreamCatch
2026-02-13 01:21:11.369   Will append to existing uninstall log: C:\Users\Acer\AppData\Local\Programs\StreamCatch\unins001.dat
2026-02-13 01:21:11.370   -- File entry --
2026-02-13 01:21:11.370   Dest filename: C:\Users\Acer\AppData\Local\Programs\StreamCatch\unins001.exe
2026-02-13 01:21:11.371   Time stamp of our file: 2026-02-13 01:21:11.025
2026-02-13 01:21:11.371   Dest file exists.
2026-02-13 01:21:11.371   Time stamp of existing file: 2026-02-13 00:01:45.939
2026-02-13 01:21:11.371   Version of our file: 51.1053.0.0
2026-02-13 01:21:11.454   Version of existing file: 51.1053.0.0
2026-02-13 01:21:11.455   Installing the file.
2026-02-13 01:21:11.460   Leaving temporary file in place for now.
2026-02-13 01:21:11.460   -- File entry --
2026-02-13 01:21:11.460   Dest filename: C:\Users\Acer\AppData\Local\Programs\StreamCatch\StreamCatch.exe
2026-02-13 01:21:11.460   Time stamp of our file: 2025-12-27 12:28:50.000
2026-02-13 01:21:11.460   Dest file exists.
2026-02-13 01:21:11.460   Time stamp of existing file: 2025-12-27 12:28:50.000
2026-02-13 01:21:11.460   Installing the file.
2026-02-13 01:21:14.475   Successfully installed the file.
2026-02-13 01:21:14.476   -- File entry --
2026-02-13 01:21:14.476   Dest filename: C:\Users\Acer\AppData\Local\Programs\StreamCatch\locales\en.json
2026-02-13 01:21:14.476   Time stamp of our file: 2026-02-12 23:38:28.000
2026-02-13 01:21:14.476   Dest file exists.
2026-02-13 01:21:14.476   Time stamp of existing file: 2026-02-12 23:38:28.000
2026-02-13 01:21:14.476   Installing the file.
2026-02-13 01:21:14.483   Successfully installed the file.
2026-02-13 01:21:14.483   -- File entry --
2026-02-13 01:21:14.483   Dest filename: C:\Users\Acer\AppData\Local\Programs\StreamCatch\locales\es.json
2026-02-13 01:21:14.483   Time stamp of our file: 2026-02-12 23:38:36.000
2026-02-13 01:21:14.483   Dest file exists.
2026-02-13 01:21:14.483   Time stamp of existing file: 2026-02-12 23:38:36.000
2026-02-13 01:21:14.483   Installing the file.
2026-02-13 01:21:14.495   Successfully installed the file.
2026-02-13 01:21:14.495   -- File entry --
2026-02-13 01:21:14.495   Dest filename: C:\Users\Acer\AppData\Local\Programs\StreamCatch\locales\fa.json
2026-02-13 01:21:14.495   Time stamp of our file: 2026-02-12 23:38:46.000
2026-02-13 01:21:14.495   Dest file exists.
2026-02-13 01:21:14.495   Time stamp of existing file: 2026-02-12 23:38:46.000
2026-02-13 01:21:14.495   Installing the file.
2026-02-13 01:21:14.502   Successfully installed the file.
2026-02-13 01:21:14.502   -- File entry --
2026-02-13 01:21:14.502   Dest filename: C:\Users\Acer\AppData\Local\Programs\StreamCatch\assets\icon.png
2026-02-13 01:21:14.502   Time stamp of our file: 2025-12-01 21:21:38.000
2026-02-13 01:21:14.502   Dest file exists.
2026-02-13 01:21:14.502   Time stamp of existing file: 2025-12-01 21:21:38.000
2026-02-13 01:21:14.502   Installing the file.
2026-02-13 01:21:14.508   Successfully installed the file.
2026-02-13 01:21:14.508   -- File entry --
2026-02-13 01:21:14.508   Dest filename: C:\Users\Acer\AppData\Local\Programs\StreamCatch\assets\icon_macos.png
2026-02-13 01:21:14.508   Time stamp of our file: 2025-12-01 21:21:38.000
2026-02-13 01:21:14.508   Dest file exists.
2026-02-13 01:21:14.508   Time stamp of existing file: 2025-12-01 21:21:38.000
2026-02-13 01:21:14.508   Installing the file.
2026-02-13 01:21:14.515   Successfully installed the file.
2026-02-13 01:21:14.515   -- File entry --
2026-02-13 01:21:14.515   Dest filename: C:\Users\Acer\AppData\Local\Programs\StreamCatch\assets\icon_macos_native.icns
2026-02-13 01:21:14.515   Time stamp of our file: 2025-12-01 21:21:38.000
2026-02-13 01:21:14.515   Dest file exists.
2026-02-13 01:21:14.515   Time stamp of existing file: 2025-12-01 21:21:38.000
2026-02-13 01:21:14.515   Installing the file.
2026-02-13 01:21:14.524   Successfully installed the file.
2026-02-13 01:21:14.524   -- File entry --
2026-02-13 01:21:14.524   Dest filename: C:\Users\Acer\AppData\Local\Programs\StreamCatch\assets\icon_windows.png
2026-02-13 01:21:14.524   Time stamp of our file: 2025-12-01 21:21:38.000
2026-02-13 01:21:14.524   Dest file exists.
2026-02-13 01:21:14.524   Time stamp of existing file: 2025-12-01 21:21:38.000
2026-02-13 01:21:14.524   Installing the file.
2026-02-13 01:21:14.530   Successfully installed the file.
2026-02-13 01:21:14.530   -- File entry --
2026-02-13 01:21:14.530   Dest filename: C:\Users\Acer\AppData\Local\Programs\StreamCatch\assets\icon_windows_native.ico
2026-02-13 01:21:14.531   Time stamp of our file: 2025-12-01 21:21:38.000
2026-02-13 01:21:14.531   Dest file exists.
2026-02-13 01:21:14.531   Time stamp of existing file: 2025-12-01 21:21:38.000
2026-02-13 01:21:14.531   Installing the file.
2026-02-13 01:21:14.539   Successfully installed the file.
2026-02-13 01:21:14.539   -- File entry --
2026-02-13 01:21:14.539   Dest filename: C:\Users\Acer\AppData\Local\Programs\StreamCatch\assets\logo.svg
2026-02-13 01:21:14.539   Time stamp of our file: 2025-11-25 23:33:14.000
2026-02-13 01:21:14.539   Dest file exists.
2026-02-13 01:21:14.539   Time stamp of existing file: 2025-11-25 23:33:14.000
2026-02-13 01:21:14.539   Installing the file.
2026-02-13 01:21:14.545   Successfully installed the file.
2026-02-13 01:21:14.545   -- Icon entry --
2026-02-13 01:21:14.545   Dest filename: C:\Users\Acer\AppData\Roaming\Microsoft\Windows\Start Menu\Programs\StreamCatch.lnk
2026-02-13 01:21:14.548   Creating the icon.
2026-02-13 01:21:14.695   Successfully created the icon.
2026-02-13 01:21:14.708   Saving uninstall information.
2026-02-13 01:21:14.708   Renaming uninstaller.
2026-02-13 01:21:14.712   Deleting uninstall key left over from previous non administrative install.
2026-02-13 01:21:14.712   Creating new uninstall key: HKEY_CURRENT_USER\Software\Microsoft\Windows\CurrentVersion\Uninstall\{A7E3F2D1-9B4C-5E6F-8A1B-C2D3E4F56789}}_is1
2026-02-13 01:21:14.712   Writing uninstall key values.
2026-02-13 01:21:14.713   Detected previous administrative 32-bit install? No
2026-02-13 01:21:14.713   Detected previous administrative 64-bit install? No
2026-02-13 01:21:14.716   Installation process succeeded.
2026-02-13 01:21:14.716   Need to restart Windows? No
2026-02-13 01:21:14.718   Deinitializing Setup.
2026-02-13 01:21:14.726   Log closed.
