2026-02-13 21:14:03.784   Log opened. (Time zone: UTC+03:30)
2026-02-13 21:14:03.784   Setup version: Inno Setup version 6.6.1
2026-02-13 21:14:03.784   Original Setup EXE: D:\GitHub\YTDownloader\installers\output\StreamCatch_Setup_v2.0.0.exe
2026-02-13 21:14:03.784   Setup command line: /SL5="$2D073E,45079348,882176,D:\GitHub\YTDownloader\installers\output\StreamCatch_Setup_v2.0.0.exe" /VERYSILENT /SUPPRESSMSGBOXES /NORESTART /SP- /LOG=build_logs/install_streamcatch_manual_20260213_211403.log
2026-02-13 21:14:03.784   Compatibility mode: Yes (DetectorsAppHealth)
2026-02-13 21:14:03.784   Windows version: 10.0.26200
2026-02-13 21:14:03.784   Windows architecture: x64 (64-bit)
2026-02-13 21:14:03.784   Machine types supported by system: x86 x64
2026-02-13 21:14:03.784   User privileges: None
2026-02-13 21:14:03.787   Administrative install mode: No
2026-02-13 21:14:03.787   Install mode root key: HKEY_CURRENT_USER
2026-02-13 21:14:03.787   64-bit install mode: No
2026-02-13 21:14:03.788   Created temporary directory: C:\Users\Acer\AppData\Local\Temp\is-614NJ621MT.tmp
2026-02-13 21:14:03.935   Found 1 files to register with RestartManager.
2026-02-13 21:14:03.935   Calling RestartManager's RmGetList.
2026-02-13 21:14:03.969   RmGetList finished successfully.
2026-02-13 21:14:03.969   RestartManager found no applications using one of our files.
2026-02-13 21:14:03.973   Starting the installation process.
2026-02-13 21:14:03.975   Directory for uninstall files: C:\Users\Acer\AppData\Local\Programs\StreamCatch
2026-02-13 21:14:03.992   Will append to existing uninstall log: C:\Users\Acer\AppData\Local\Programs\StreamCatch\unins001.dat
2026-02-13 21:14:04.003   -- File entry --
2026-02-13 21:14:04.003   Dest filename: C:\Users\Acer\AppData\Local\Programs\StreamCatch\unins001.exe
2026-02-13 21:14:04.006   Time stamp of our file: 2026-02-13 21:14:03.574
2026-02-13 21:14:04.006   Dest file exists.
2026-02-13 21:14:04.006   Time stamp of existing file: 2026-02-13 01:21:11.025
2026-02-13 21:14:04.006   Version of our file: 51.1053.0.0
2026-02-13 21:14:04.092   Version of existing file: 51.1053.0.0
2026-02-13 21:14:04.092   Installing the file.
2026-02-13 21:14:04.100   Leaving temporary file in place for now.
2026-02-13 21:14:04.100   -- File entry --
2026-02-13 21:14:04.100   Dest filename: C:\Users\Acer\AppData\Local\Programs\StreamCatch\StreamCatch.exe
2026-02-13 21:14:04.100   Time stamp of our file: 2026-02-13 19:25:48.000
2026-02-13 21:14:04.100   Dest file exists.
2026-02-13 21:14:04.100   Time stamp of existing file: 2025-12-27 12:28:50.000
2026-02-13 21:14:04.100   Installing the file.
2026-02-13 21:14:06.710   Successfully installed the file.
2026-02-13 21:14:06.710   -- File entry --
2026-02-13 21:14:06.710   Dest filename: C:\Users\Acer\AppData\Local\Programs\StreamCatch\locales\en.json
2026-02-13 21:14:06.710   Time stamp of our file: 2026-02-12 23:38:28.000
2026-02-13 21:14:06.710   Dest file exists.
2026-02-13 21:14:06.710   Time stamp of existing file: 2026-02-12 23:38:28.000
2026-02-13 21:14:06.710   Installing the file.
2026-02-13 21:14:06.716   Successfully installed the file.
2026-02-13 21:14:06.716   -- File entry --
2026-02-13 21:14:06.716   Dest filename: C:\Users\Acer\AppData\Local\Programs\StreamCatch\locales\es.json
2026-02-13 21:14:06.716   Time stamp of our file: 2026-02-12 23:38:36.000
2026-02-13 21:14:06.716   Dest file exists.
2026-02-13 21:14:06.716   Time stamp of existing file: 2026-02-12 23:38:36.000
2026-02-13 21:14:06.716   Installing the file.
2026-02-13 21:14:06.722   Successfully installed the file.
2026-02-13 21:14:06.722   -- File entry --
2026-02-13 21:14:06.722   Dest filename: C:\Users\Acer\AppData\Local\Programs\StreamCatch\locales\fa.json
2026-02-13 21:14:06.723   Time stamp of our file: 2026-02-12 23:38:46.000
2026-02-13 21:14:06.723   Dest file exists.
2026-02-13 21:14:06.723   Time stamp of existing file: 2026-02-12 23:38:46.000
2026-02-13 21:14:06.723   Installing the file.
2026-02-13 21:14:06.728   Successfully installed the file.
2026-02-13 21:14:06.729   -- File entry --
2026-02-13 21:14:06.729   Dest filename: C:\Users\Acer\AppData\Local\Programs\StreamCatch\assets\icon.png
2026-02-13 21:14:06.729   Time stamp of our file: 2025-12-01 21:21:38.000
2026-02-13 21:14:06.729   Dest file exists.
2026-02-13 21:14:06.729   Time stamp of existing file: 2025-12-01 21:21:38.000
2026-02-13 21:14:06.729   Installing the file.
2026-02-13 21:14:06.737   Successfully installed the file.
2026-02-13 21:14:06.737   -- File entry --
2026-02-13 21:14:06.737   Dest filename: C:\Users\Acer\AppData\Local\Programs\StreamCatch\assets\icon_macos.png
2026-02-13 21:14:06.737   Time stamp of our file: 2025-12-01 21:21:38.000
2026-02-13 21:14:06.737   Dest file exists.
2026-02-13 21:14:06.737   Time stamp of existing file: 2025-12-01 21:21:38.000
2026-02-13 21:14:06.737   Installing the file.
2026-02-13 21:14:06.743   Successfully installed the file.
2026-02-13 21:14:06.743   -- File entry --
2026-02-13 21:14:06.743   Dest filename: C:\Users\Acer\AppData\Local\Programs\StreamCatch\assets\icon_macos_native.icns
2026-02-13 21:14:06.743   Time stamp of our file: 2025-12-01 21:21:38.000
2026-02-13 21:14:06.743   Dest file exists.
2026-02-13 21:14:06.743   Time stamp of existing file: 2025-12-01 21:21:38.000
2026-02-13 21:14:06.743   Installing the file.
2026-02-13 21:14:06.749   Successfully installed the file.
2026-02-13 21:14:06.749   -- File entry --
2026-02-13 21:14:06.749   Dest filename: C:\Users\Acer\AppData\Local\Programs\StreamCatch\assets\icon_windows.png
2026-02-13 21:14:06.749   Time stamp of our file: 2025-12-01 21:21:38.000
2026-02-13 21:14:06.749   Dest file exists.
2026-02-13 21:14:06.749   Time stamp of existing file: 2025-12-01 21:21:38.000
2026-02-13 21:14:06.749   Installing the file.
2026-02-13 21:14:06.755   Successfully installed the file.
2026-02-13 21:14:06.755   -- File entry --
2026-02-13 21:14:06.755   Dest filename: C:\Users\Acer\AppData\Local\Programs\StreamCatch\assets\icon_windows_native.ico
2026-02-13 21:14:06.755   Time stamp of our file: 2025-12-01 21:21:38.000
2026-02-13 21:14:06.755   Dest file exists.
2026-02-13 21:14:06.755   Time stamp of existing file: 2025-12-01 21:21:38.000
2026-02-13 21:14:06.755   Installing the file.
2026-02-13 21:14:06.762   Successfully installed the file.
2026-02-13 21:14:06.762   -- File entry --
2026-02-13 21:14:06.762   Dest filename: C:\Users\Acer\AppData\Local\Programs\StreamCatch\assets\logo.svg
2026-02-13 21:14:06.762   Time stamp of our file: 2025-11-25 23:33:14.000
2026-02-13 21:14:06.762   Dest file exists.
2026-02-13 21:14:06.762   Time stamp of existing file: 2025-11-25 23:33:14.000
2026-02-13 21:14:06.762   Installing the file.
2026-02-13 21:14:06.767   Successfully installed the file.
2026-02-13 21:14:06.767   -- Icon entry --
2026-02-13 21:14:06.767   Dest filename: C:\Users\Acer\AppData\Roaming\Microsoft\Windows\Start Menu\Programs\StreamCatch.lnk
2026-02-13 21:14:06.770   Creating the icon.
2026-02-13 21:14:06.916   Successfully created the icon.
2026-02-13 21:14:06.923   Saving uninstall information.
2026-02-13 21:14:06.923   Renaming uninstaller.
2026-02-13 21:14:06.927   Deleting uninstall key left over from previous non administrative install.
2026-02-13 21:14:06.927   Creating new uninstall key: HKEY_CURRENT_USER\Software\Microsoft\Windows\CurrentVersion\Uninstall\{A7E3F2D1-9B4C-5E6F-8A1B-C2D3E4F56789}}_is1
2026-02-13 21:14:06.927   Writing uninstall key values.
2026-02-13 21:14:06.928   Detected previous administrative 32-bit install? No
2026-02-13 21:14:06.928   Detected previous administrative 64-bit install? No
2026-02-13 21:14:06.931   Installation process succeeded.
2026-02-13 21:14:06.931   Need to restart Windows? No
2026-02-13 21:14:06.933   Deinitializing Setup.
2026-02-13 21:14:06.937   Log closed.
