Defaulting to user installation because normal site-packages is not writeable
Collecting flet==0.21.2 (from -r requirements.txt (line 1))
  Using cached flet-0.21.2-py3-none-win_amd64.whl.metadata (3.2 kB)
Requirement already satisfied: yt-dlp>=2024.12.01 in c:\users\acer\appdata\roaming\python\python310\site-packages (from -r requirements.txt (line 2)) (2025.3.31)
Requirement already satisfied: requests<3.0.0,>=2.31.0 in c:\users\acer\appdata\roaming\python\python310\site-packages (from -r requirements.txt (line 3)) (2.32.3)
Collecting pypresence>=4.3.0 (from -r requirements.txt (line 4))
  Using cached pypresence-4.6.1-py3-none-any.whl.metadata (4.8 kB)
Collecting PyDrive2>=1.19.0 (from -r requirements.txt (line 5))
  Using cached PyDrive2-1.21.3-py3-none-any.whl.metadata (7.0 kB)
Requirement already satisfied: beautifulsoup4>=4.12.0 in c:\users\acer\appdata\roaming\python\python310\site-packages (from -r requirements.txt (line 6)) (4.13.3)
Requirement already satisfied: defusedxml>=0.7.1 in c:\users\acer\appdata\roaming\python\python310\site-packages (from -r requirements.txt (line 7)) (0.7.1)
Collecting pyperclip>=1.8.0 (from -r requirements.txt (line 8))
  Using cached pyperclip-1.11.0-py3-none-any.whl.metadata (2.4 kB)
Requirement already satisfied: python-dateutil>=2.8.0 in c:\users\acer\appdata\roaming\python\python310\site-packages (from -r requirements.txt (line 9)) (2.9.0.post0)
Requirement already satisfied: keyring>=24.0.0 in c:\users\acer\appdata\roaming\python\python310\site-packages (from -r requirements.txt (line 10)) (25.6.0)
Collecting cookiecutter<3.0.0,>=2.6.0 (from flet==0.21.2->-r requirements.txt (line 1))
  Using cached cookiecutter-2.6.0-py3-none-any.whl.metadata (7.3 kB)
Requirement already satisfied: fastapi<1,>=0 in c:\program files\python310\lib\site-packages (from flet==0.21.2->-r requirements.txt (line 1)) (0.113.0)
Collecting flet-runtime==0.21.2 (from flet==0.21.2->-r requirements.txt (line 1))
  Using cached flet_runtime-0.21.2-py3-none-any.whl.metadata (1.1 kB)
Collecting packaging<24.0,>=23.1 (from flet==0.21.2->-r requirements.txt (line 1))
  Using cached packaging-23.2-py3-none-any.whl.metadata (3.2 kB)
Collecting qrcode<8.0.0,>=7.4.2 (from flet==0.21.2->-r requirements.txt (line 1))
  Using cached qrcode-7.4.2-py3-none-any.whl.metadata (17 kB)
Requirement already satisfied: uvicorn<1,>=0 in c:\users\acer\appdata\roaming\python\python310\site-packages (from uvicorn[standard]<1,>=0->flet==0.21.2->-r requirements.txt (line 1)) (0.35.0)
Collecting watchdog<5.0.0,>=4.0.0 (from flet==0.21.2->-r requirements.txt (line 1))
  Using cached watchdog-4.0.2-py3-none-win_amd64.whl.metadata (38 kB)
Collecting flet-core==0.21.2 (from flet-runtime==0.21.2->flet==0.21.2->-r requirements.txt (line 1))
  Using cached flet_core-0.21.2-py3-none-any.whl.metadata (971 bytes)
Requirement already satisfied: httpx<1,>=0 in c:\users\acer\appdata\roaming\python\python310\site-packages (from flet-runtime==0.21.2->flet==0.21.2->-r requirements.txt (line 1)) (0.28.1)
Requirement already satisfied: oauthlib<4.0.0,>=3.2.2 in c:\users\acer\appdata\roaming\python\python310\site-packages (from flet-runtime==0.21.2->flet==0.21.2->-r requirements.txt (line 1)) (3.2.2)
Collecting repath<0.10.0,>=0.9.0 (from flet-core==0.21.2->flet-runtime==0.21.2->flet==0.21.2->-r requirements.txt (line 1))
  Using cached repath-0.9.0-py3-none-any.whl.metadata (899 bytes)
Requirement already satisfied: charset-normalizer<4,>=2 in c:\users\acer\appdata\roaming\python\python310\site-packages (from requests<3.0.0,>=2.31.0->-r requirements.txt (line 3)) (3.4.1)
Requirement already satisfied: idna<4,>=2.5 in c:\users\acer\appdata\roaming\python\python310\site-packages (from requests<3.0.0,>=2.31.0->-r requirements.txt (line 3)) (3.10)
Requirement already satisfied: urllib3<3,>=1.21.1 in c:\users\acer\appdata\roaming\python\python310\site-packages (from requests<3.0.0,>=2.31.0->-r requirements.txt (line 3)) (2.3.0)
Requirement already satisfied: certifi>=2017.4.17 in c:\users\acer\appdata\roaming\python\python310\site-packages (from requests<3.0.0,>=2.31.0->-r requirements.txt (line 3)) (2025.1.31)
Collecting binaryornot>=0.4.4 (from cookiecutter<3.0.0,>=2.6.0->flet==0.21.2->-r requirements.txt (line 1))
  Using cached binaryornot-0.4.4-py2.py3-none-any.whl.metadata (6.0 kB)
Requirement already satisfied: Jinja2<4.0.0,>=2.7 in c:\users\acer\appdata\roaming\python\python310\site-packages (from cookiecutter<3.0.0,>=2.6.0->flet==0.21.2->-r requirements.txt (line 1)) (3.1.5)
Requirement already satisfied: click<9.0.0,>=7.0 in c:\users\acer\appdata\roaming\python\python310\site-packages (from cookiecutter<3.0.0,>=2.6.0->flet==0.21.2->-r requirements.txt (line 1)) (8.1.8)
Requirement already satisfied: pyyaml>=5.3.1 in c:\users\acer\appdata\roaming\python\python310\site-packages (from cookiecutter<3.0.0,>=2.6.0->flet==0.21.2->-r requirements.txt (line 1)) (6.0.2)
Requirement already satisfied: python-slugify>=4.0.0 in c:\program files\python310\lib\site-packages (from cookiecutter<3.0.0,>=2.6.0->flet==0.21.2->-r requirements.txt (line 1)) (8.0.4)
Requirement already satisfied: arrow in c:\users\acer\appdata\roaming\python\python310\site-packages (from cookiecutter<3.0.0,>=2.6.0->flet==0.21.2->-r requirements.txt (line 1)) (1.3.0)
Requirement already satisfied: rich in c:\users\acer\appdata\roaming\python\python310\site-packages (from cookiecutter<3.0.0,>=2.6.0->flet==0.21.2->-r requirements.txt (line 1)) (13.9.4)
Requirement already satisfied: colorama in c:\users\acer\appdata\roaming\python\python310\site-packages (from click<9.0.0,>=7.0->cookiecutter<3.0.0,>=2.6.0->flet==0.21.2->-r requirements.txt (line 1)) (0.4.6)
Requirement already satisfied: starlette<0.39.0,>=0.37.2 in c:\program files\python310\lib\site-packages (from fastapi<1,>=0->flet==0.21.2->-r requirements.txt (line 1)) (0.38.6)
Requirement already satisfied: pydantic!=1.8,!=1.8.1,!=2.0.0,!=2.0.1,!=2.1.0,<3.0.0,>=1.7.4 in c:\program files\python310\lib\site-packages (from fastapi<1,>=0->flet==0.21.2->-r requirements.txt (line 1)) (2.8.2)
Requirement already satisfied: typing-extensions>=4.8.0 in c:\users\acer\appdata\roaming\python\python310\site-packages (from fastapi<1,>=0->flet==0.21.2->-r requirements.txt (line 1)) (4.15.0)
Requirement already satisfied: anyio in c:\users\acer\appdata\roaming\python\python310\site-packages (from httpx<1,>=0->flet-runtime==0.21.2->flet==0.21.2->-r requirements.txt (line 1)) (4.8.0)
Requirement already satisfied: httpcore==1.* in c:\users\acer\appdata\roaming\python\python310\site-packages (from httpx<1,>=0->flet-runtime==0.21.2->flet==0.21.2->-r requirements.txt (line 1)) (1.0.7)
Requirement already satisfied: h11<0.15,>=0.13 in c:\users\acer\appdata\roaming\python\python310\site-packages (from httpcore==1.*->httpx<1,>=0->flet-runtime==0.21.2->flet==0.21.2->-r requirements.txt (line 1)) (0.14.0)
Requirement already satisfied: MarkupSafe>=2.0 in c:\users\acer\appdata\roaming\python\python310\site-packages (from Jinja2<4.0.0,>=2.7->cookiecutter<3.0.0,>=2.6.0->flet==0.21.2->-r requirements.txt (line 1)) (3.0.2)
Requirement already satisfied: annotated-types>=0.4.0 in c:\users\acer\appdata\roaming\python\python310\site-packages (from pydantic!=1.8,!=1.8.1,!=2.0.0,!=2.0.1,!=2.1.0,<3.0.0,>=1.7.4->fastapi<1,>=0->flet==0.21.2->-r requirements.txt (line 1)) (0.7.0)
Requirement already satisfied: pydantic-core==2.20.1 in c:\program files\python310\lib\site-packages (from pydantic!=1.8,!=1.8.1,!=2.0.0,!=2.0.1,!=2.1.0,<3.0.0,>=1.7.4->fastapi<1,>=0->flet==0.21.2->-r requirements.txt (line 1)) (2.20.1)
Collecting pypng (from qrcode<8.0.0,>=7.4.2->flet==0.21.2->-r requirements.txt (line 1))
  Using cached pypng-0.20220715.0-py3-none-any.whl.metadata (13 kB)
Requirement already satisfied: six>=1.9.0 in c:\users\acer\appdata\roaming\python\python310\site-packages (from repath<0.10.0,>=0.9.0->flet-core==0.21.2->flet-runtime==0.21.2->flet==0.21.2->-r requirements.txt (line 1)) (1.17.0)
Requirement already satisfied: exceptiongroup>=1.0.2 in c:\users\acer\appdata\roaming\python\python310\site-packages (from anyio->httpx<1,>=0->flet-runtime==0.21.2->flet==0.21.2->-r requirements.txt (line 1)) (1.2.2)
Requirement already satisfied: sniffio>=1.1 in c:\users\acer\appdata\roaming\python\python310\site-packages (from anyio->httpx<1,>=0->flet-runtime==0.21.2->flet==0.21.2->-r requirements.txt (line 1)) (1.3.1)
Requirement already satisfied: httptools>=0.6.3 in c:\program files\python310\lib\site-packages (from uvicorn[standard]<1,>=0->flet==0.21.2->-r requirements.txt (line 1)) (0.6.4)
Requirement already satisfied: python-dotenv>=0.13 in c:\program files\python310\lib\site-packages (from uvicorn[standard]<1,>=0->flet==0.21.2->-r requirements.txt (line 1)) (1.1.1)
Requirement already satisfied: watchfiles>=0.13 in c:\program files\python310\lib\site-packages (from uvicorn[standard]<1,>=0->flet==0.21.2->-r requirements.txt (line 1)) (1.1.0)
Requirement already satisfied: websockets>=10.4 in c:\program files\python310\lib\site-packages (from uvicorn[standard]<1,>=0->flet==0.21.2->-r requirements.txt (line 1)) (15.0.1)
Collecting google-api-python-client>=1.12.5 (from PyDrive2>=1.19.0->-r requirements.txt (line 5))
  Downloading google_api_python_client-2.190.0-py3-none-any.whl.metadata (7.0 kB)
Collecting oauth2client>=4.0.0 (from PyDrive2>=1.19.0->-r requirements.txt (line 5))
  Using cached oauth2client-4.1.3-py2.py3-none-any.whl.metadata (1.2 kB)
Collecting cryptography<44 (from PyDrive2>=1.19.0->-r requirements.txt (line 5))
  Using cached cryptography-43.0.3-cp39-abi3-win_amd64.whl.metadata (5.4 kB)
Collecting pyOpenSSL<=24.2.1,>=19.1.0 (from PyDrive2>=1.19.0->-r requirements.txt (line 5))
  Using cached pyOpenSSL-24.2.1-py3-none-any.whl.metadata (13 kB)
Requirement already satisfied: cffi>=1.12 in c:\users\acer\appdata\roaming\python\python310\site-packages (from cryptography<44->PyDrive2>=1.19.0->-r requirements.txt (line 5)) (1.17.1)
Requirement already satisfied: soupsieve>1.2 in c:\users\acer\appdata\roaming\python\python310\site-packages (from beautifulsoup4>=4.12.0->-r requirements.txt (line 6)) (2.6)
Requirement already satisfied: pywin32-ctypes>=0.2.0 in c:\users\acer\appdata\roaming\python\python310\site-packages (from keyring>=24.0.0->-r requirements.txt (line 10)) (0.2.3)
Requirement already satisfied: importlib_metadata>=4.11.4 in c:\users\acer\appdata\roaming\python\python310\site-packages (from keyring>=24.0.0->-r requirements.txt (line 10)) (7.2.1)
Requirement already satisfied: jaraco.classes in c:\users\acer\appdata\roaming\python\python310\site-packages (from keyring>=24.0.0->-r requirements.txt (line 10)) (3.4.0)
Requirement already satisfied: jaraco.functools in c:\users\acer\appdata\roaming\python\python310\site-packages (from keyring>=24.0.0->-r requirements.txt (line 10)) (4.1.0)
Requirement already satisfied: jaraco.context in c:\users\acer\appdata\roaming\python\python310\site-packages (from keyring>=24.0.0->-r requirements.txt (line 10)) (6.0.1)
Collecting chardet>=3.0.2 (from binaryornot>=0.4.4->cookiecutter<3.0.0,>=2.6.0->flet==0.21.2->-r requirements.txt (line 1))
  Using cached chardet-5.2.0-py3-none-any.whl.metadata (3.4 kB)
Requirement already satisfied: pycparser in c:\users\acer\appdata\roaming\python\python310\site-packages (from cffi>=1.12->cryptography<44->PyDrive2>=1.19.0->-r requirements.txt (line 5)) (2.22)
Collecting httplib2<1.0.0,>=0.19.0 (from google-api-python-client>=1.12.5->PyDrive2>=1.19.0->-r requirements.txt (line 5))
  Downloading httplib2-0.31.2-py3-none-any.whl.metadata (2.2 kB)
Requirement already satisfied: google-auth!=2.24.0,!=2.25.0,<3.0.0,>=1.32.0 in c:\users\acer\appdata\roaming\python\python310\site-packages (from google-api-python-client>=1.12.5->PyDrive2>=1.19.0->-r requirements.txt (line 5)) (2.40.2)
Collecting google-auth-httplib2<1.0.0,>=0.2.0 (from google-api-python-client>=1.12.5->PyDrive2>=1.19.0->-r requirements.txt (line 5))
  Downloading google_auth_httplib2-0.3.0-py3-none-any.whl.metadata (3.1 kB)
Collecting google-api-core!=2.0.*,!=2.1.*,!=2.2.*,!=2.3.0,<3.0.0,>=1.31.5 (from google-api-python-client>=1.12.5->PyDrive2>=1.19.0->-r requirements.txt (line 5))
  Downloading google_api_core-2.29.0-py3-none-any.whl.metadata (3.3 kB)
Collecting uritemplate<5,>=3.0.1 (from google-api-python-client>=1.12.5->PyDrive2>=1.19.0->-r requirements.txt (line 5))
  Using cached uritemplate-4.2.0-py3-none-any.whl.metadata (2.6 kB)
Requirement already satisfied: googleapis-common-protos<2.0.0,>=1.56.2 in c:\program files\python310\lib\site-packages (from google-api-core!=2.0.*,!=2.1.*,!=2.2.*,!=2.3.0,<3.0.0,>=1.31.5->google-api-python-client>=1.12.5->PyDrive2>=1.19.0->-r requirements.txt (line 5)) (1.59.1)
Requirement already satisfied: protobuf!=3.20.0,!=3.20.1,!=4.21.0,!=4.21.1,!=4.21.2,!=4.21.3,!=4.21.4,!=4.21.5,<7.0.0,>=3.19.5 in c:\users\acer\appdata\roaming\python\python310\site-packages (from google-api-core!=2.0.*,!=2.1.*,!=2.2.*,!=2.3.0,<3.0.0,>=1.31.5->google-api-python-client>=1.12.5->PyDrive2>=1.19.0->-r requirements.txt (line 5)) (3.19.6)
Collecting proto-plus<2.0.0,>=1.22.3 (from google-api-core!=2.0.*,!=2.1.*,!=2.2.*,!=2.3.0,<3.0.0,>=1.31.5->google-api-python-client>=1.12.5->PyDrive2>=1.19.0->-r requirements.txt (line 5))
  Downloading proto_plus-1.27.1-py3-none-any.whl.metadata (2.2 kB)
Requirement already satisfied: cachetools<6.0,>=2.0.0 in c:\users\acer\appdata\roaming\python\python310\site-packages (from google-auth!=2.24.0,!=2.25.0,<3.0.0,>=1.32.0->google-api-python-client>=1.12.5->PyDrive2>=1.19.0->-r requirements.txt (line 5)) (5.5.2)
Requirement already satisfied: pyasn1-modules>=0.2.1 in c:\users\acer\appdata\roaming\python\python310\site-packages (from google-auth!=2.24.0,!=2.25.0,<3.0.0,>=1.32.0->google-api-python-client>=1.12.5->PyDrive2>=1.19.0->-r requirements.txt (line 5)) (0.4.2)
Requirement already satisfied: rsa<5,>=3.1.4 in c:\users\acer\appdata\roaming\python\python310\site-packages (from google-auth!=2.24.0,!=2.25.0,<3.0.0,>=1.32.0->google-api-python-client>=1.12.5->PyDrive2>=1.19.0->-r requirements.txt (line 5)) (4.9.1)
Requirement already satisfied: pyparsing<4,>=3.1 in c:\users\acer\appdata\roaming\python\python310\site-packages (from httplib2<1.0.0,>=0.19.0->google-api-python-client>=1.12.5->PyDrive2>=1.19.0->-r requirements.txt (line 5)) (3.2.1)
Requirement already satisfied: pyasn1>=0.1.3 in c:\users\acer\appdata\roaming\python\python310\site-packages (from rsa<5,>=3.1.4->google-auth!=2.24.0,!=2.25.0,<3.0.0,>=1.32.0->google-api-python-client>=1.12.5->PyDrive2>=1.19.0->-r requirements.txt (line 5)) (0.6.1)
Requirement already satisfied: zipp>=0.5 in c:\users\acer\appdata\roaming\python\python310\site-packages (from importlib_metadata>=4.11.4->keyring>=24.0.0->-r requirements.txt (line 10)) (3.21.0)
Requirement already satisfied: text-unidecode>=1.3 in c:\program files\python310\lib\site-packages (from python-slugify>=4.0.0->cookiecutter<3.0.0,>=2.6.0->flet==0.21.2->-r requirements.txt (line 1)) (1.3)
Requirement already satisfied: types-python-dateutil>=2.8.10 in c:\users\acer\appdata\roaming\python\python310\site-packages (from arrow->cookiecutter<3.0.0,>=2.6.0->flet==0.21.2->-r requirements.txt (line 1)) (2.9.0.20241206)
Requirement already satisfied: more-itertools in c:\users\acer\appdata\roaming\python\python310\site-packages (from jaraco.classes->keyring>=24.0.0->-r requirements.txt (line 10)) (10.6.0)
Requirement already satisfied: backports.tarfile in c:\users\acer\appdata\roaming\python\python310\site-packages (from jaraco.context->keyring>=24.0.0->-r requirements.txt (line 10)) (1.2.0)
Requirement already satisfied: markdown-it-py>=2.2.0 in c:\users\acer\appdata\roaming\python\python310\site-packages (from rich->cookiecutter<3.0.0,>=2.6.0->flet==0.21.2->-r requirements.txt (line 1)) (3.0.0)
Requirement already satisfied: pygments<3.0.0,>=2.13.0 in c:\users\acer\appdata\roaming\python\python310\site-packages (from rich->cookiecutter<3.0.0,>=2.6.0->flet==0.21.2->-r requirements.txt (line 1)) (2.19.1)
Requirement already satisfied: mdurl~=0.1 in c:\users\acer\appdata\roaming\python\python310\site-packages (from markdown-it-py>=2.2.0->rich->cookiecutter<3.0.0,>=2.6.0->flet==0.21.2->-r requirements.txt (line 1)) (0.1.2)
Using cached flet-0.21.2-py3-none-win_amd64.whl (40.6 MB)
Using cached flet_runtime-0.21.2-py3-none-any.whl (19 kB)
Using cached flet_core-0.21.2-py3-none-any.whl (348 kB)
Using cached cookiecutter-2.6.0-py3-none-any.whl (39 kB)
Using cached packaging-23.2-py3-none-any.whl (53 kB)
Using cached qrcode-7.4.2-py3-none-any.whl (46 kB)
Using cached repath-0.9.0-py3-none-any.whl (4.7 kB)
Using cached watchdog-4.0.2-py3-none-win_amd64.whl (82 kB)
Using cached pypresence-4.6.1-py3-none-any.whl (14 kB)
Using cached PyDrive2-1.21.3-py3-none-any.whl (47 kB)
Using cached cryptography-43.0.3-cp39-abi3-win_amd64.whl (3.1 MB)
Using cached pyOpenSSL-24.2.1-py3-none-any.whl (58 kB)
Using cached pyperclip-1.11.0-py3-none-any.whl (11 kB)
Using cached binaryornot-0.4.4-py2.py3-none-any.whl (9.0 kB)
Using cached chardet-5.2.0-py3-none-any.whl (199 kB)
Downloading google_api_python_client-2.190.0-py3-none-any.whl (14.7 MB)
   ---------------------------------------- 14.7/14.7 MB 6.6 MB/s  0:00:02
Downloading google_api_core-2.29.0-py3-none-any.whl (173 kB)
Downloading google_auth_httplib2-0.3.0-py3-none-any.whl (9.5 kB)
Downloading httplib2-0.31.2-py3-none-any.whl (91 kB)
Downloading proto_plus-1.27.1-py3-none-any.whl (50 kB)
Using cached uritemplate-4.2.0-py3-none-any.whl (11 kB)
Using cached oauth2client-4.1.3-py2.py3-none-any.whl (98 kB)
Using cached pypng-0.20220715.0-py3-none-any.whl (58 kB)
Installing collected packages: pypng, pyperclip, watchdog, uritemplate, repath, qrcode, pypresence, proto-plus, packaging, httplib2, chardet, oauth2client, flet-core, cryptography, binaryornot, pyOpenSSL, google-auth-httplib2, google-api-core, flet-runtime, cookiecutter, google-api-python-client, flet, PyDrive2
  Attempting uninstall: watchdog
    Found existing installation: watchdog 6.0.0
    Uninstalling watchdog-6.0.0:
      Successfully uninstalled watchdog-6.0.0
  WARNING: The script watchmedo.exe is installed in 'C:\Users\Acer\AppData\Roaming\Python\Python310\Scripts' which is not on PATH.
  Consider adding this directory to PATH or, if you prefer to suppress this warning, use --no-warn-script-location.
  WARNING: The script qr.exe is installed in 'C:\Users\Acer\AppData\Roaming\Python\Python310\Scripts' which is not on PATH.
  Consider adding this directory to PATH or, if you prefer to suppress this warning, use --no-warn-script-location.
  WARNING: The script chardetect.exe is installed in 'C:\Users\Acer\AppData\Roaming\Python\Python310\Scripts' which is not on PATH.
  Consider adding this directory to PATH or, if you prefer to suppress this warning, use --no-warn-script-location.
  Attempting uninstall: cryptography
    Found existing installation: cryptography 44.0.1
    Uninstalling cryptography-44.0.1:
      Successfully uninstalled cryptography-44.0.1
  WARNING: The script cookiecutter.exe is installed in 'C:\Users\Acer\AppData\Roaming\Python\Python310\Scripts' which is not on PATH.
  Consider adding this directory to PATH or, if you prefer to suppress this warning, use --no-warn-script-location.
  WARNING: The script flet.exe is installed in 'C:\Users\Acer\AppData\Roaming\Python\Python310\Scripts' which is not on PATH.
  Consider adding this directory to PATH or, if you prefer to suppress this warning, use --no-warn-script-location.

ERROR: pip's dependency resolver does not currently take into account all the packages that are installed. This behaviour is the source of the following dependency conflicts.
matlab-proxy 0.24.1 requires aiohttp<=3.10.5,>=3.7.4, but you have aiohttp 3.12.15 which is incompatible.
poetry 2.1.2 requires packaging>=24.0, but you have packaging 23.2 which is incompatible.
Successfully installed PyDrive2-1.21.3 binaryornot-0.4.4 chardet-5.2.0 cookiecutter-2.6.0 cryptography-43.0.3 flet-0.21.2 flet-core-0.21.2 flet-runtime-0.21.2 google-api-core-2.29.0 google-api-python-client-2.190.0 google-auth-httplib2-0.3.0 httplib2-0.31.2 oauth2client-4.1.3 packaging-23.2 proto-plus-1.27.1 pyOpenSSL-24.2.1 pyperclip-1.11.0 pypng-0.20220715.0 pypresence-4.6.1 qrcode-7.4.2 repath-0.9.0 uritemplate-4.2.0 watchdog-4.0.2
